============================= test session starts =============================
platform win32 -- Python 3.13.2, pytest-9.0.2, pluggy-1.6.0 -- C:\Users\prora\OneDrive\Documents\GitHub\example-reviewer\.venv\Scripts\python.exe
cachedir: .pytest_cache
rootdir: C:\Users\prora\OneDrive\Documents\GitHub\example-reviewer
configfile: pytest.ini
plugins: anyio-4.12.1, asyncio-1.3.0, mock-3.15.1
asyncio: mode=Mode.STRICT, debug=False, asyncio_default_fixture_loop_scope=None, asyncio_default_test_loop_scope=function
collecting ... collected 48 items

tests/test_cli_matrix.py::test_run_family_max_examples_combinations[zip-1] FAILED [  2%]
tests/test_cli_matrix.py::test_run_family_max_examples_combinations[zip-5] FAILED [  4%]
tests/test_cli_matrix.py::test_run_family_max_examples_combinations[pdf-1] FAILED [  6%]
tests/test_cli_matrix.py::test_run_family_max_examples_combinations[cells-1] PASSED [  8%]
tests/test_cli_matrix.py::test_run_family_max_examples_combinations[zip-2] 